e:\codework\qt\dreamsincos\debug\main.obj
e:\codework\qt\dreamsincos\debug\data.obj
e:\codework\qt\dreamsincos\debug\mainwindow.obj
e:\codework\qt\dreamsincos\debug\exshow.obj
e:\codework\qt\dreamsincos\debug\moc_predefs.h
e:\codework\qt\dreamsincos\ui_exedit.h
e:\codework\qt\dreamsincos\ui_exshow.h
e:\codework\qt\dreamsincos\ui_mainwindow.h
e:\codework\qt\dreamsincos\debug\moc_data.cpp
e:\codework\qt\dreamsincos\debug\moc_exedit.cpp
e:\codework\qt\dreamsincos\debug\moc_exshow.cpp
e:\codework\qt\dreamsincos\debug\moc_mainwindow.cpp
e:\codework\qt\dreamsincos\debug\vc142.pdb
e:\codework\qt\dreamsincos\debug\dreamsincos.tlog\cl.10896.write.1.tlog
e:\codework\qt\dreamsincos\debug\dreamsincos.tlog\cl.command.1.tlog
e:\codework\qt\dreamsincos\debug\dreamsincos.tlog\cl.read.1.tlog
e:\codework\qt\dreamsincos\debug\dreamsincos.tlog\custombuild.command.1.tlog
e:\codework\qt\dreamsincos\debug\dreamsincos.tlog\custombuild.read.1.tlog
e:\codework\qt\dreamsincos\debug\dreamsincos.tlog\custombuild.write.1.tlog
e:\codework\qt\dreamsincos\debug\dreamsincos.tlog\dreamsincos.write.1u.tlog
e:\codework\qt\dreamsincos\debug\dreamsincos.tlog\moc.read.1u.tlog
e:\codework\qt\dreamsincos\debug\dreamsincos.tlog\moc.write.1u.tlog
e:\codework\qt\dreamsincos\debug\dreamsincos.tlog\uic.read.1u.tlog
e:\codework\qt\dreamsincos\debug\dreamsincos.tlog\uic.write.1u.tlog
